D:\WORK\MOPLUGS\SCENEGRAPH_SHARED\LIB\SG_BASE_X64_RELEASE.LIB
D:\WORK\MOPLUGS\SCENEGRAPH_SHARED\LIB\SG_SHARED_X64_RELEASE.LIB
D:\Work\MOPLUGS\SceneGraph_Shared\projects\..\lib\sg_base_x64_Release.lib
D:\WORK\MOPLUGS\SCENEGRAPH_SHARED\PROJECTS\X64\RELEASE\ASSERT.OBJ
D:\WORK\MOPLUGS\SCENEGRAPH_SHARED\PROJECTS\X64\RELEASE\CHECKGLERROR.OBJ
D:\WORK\MOPLUGS\SCENEGRAPH_SHARED\PROJECTS\X64\RELEASE\CHECKS.OBJ
D:\Work\MOPLUGS\SceneGraph_Shared\projects\x64\Release\cl.command.1.tlog
D:\Work\MOPLUGS\SceneGraph_Shared\projects\x64\Release\CL.read.1.tlog
D:\Work\MOPLUGS\SceneGraph_Shared\projects\x64\Release\CL.write.1.tlog
D:\WORK\MOPLUGS\SCENEGRAPH_SHARED\PROJECTS\X64\RELEASE\FPTEXTURE.OBJ
D:\WORK\MOPLUGS\SCENEGRAPH_SHARED\PROJECTS\X64\RELEASE\FRAMEBUFFER.OBJ
D:\WORK\MOPLUGS\SCENEGRAPH_SHARED\PROJECTS\X64\RELEASE\GLEWCONTEXT.OBJ
D:\WORK\MOPLUGS\SCENEGRAPH_SHARED\PROJECTS\X64\RELEASE\GLSLSHADER.OBJ
D:\WORK\MOPLUGS\SCENEGRAPH_SHARED\PROJECTS\X64\RELEASE\GPUCACHE_LOADER.OBJ
D:\WORK\MOPLUGS\SCENEGRAPH_SHARED\PROJECTS\X64\RELEASE\GPUCACHE_MODEL.OBJ
D:\WORK\MOPLUGS\SCENEGRAPH_SHARED\PROJECTS\X64\RELEASE\GPUCACHE_SAVER.OBJ
D:\WORK\MOPLUGS\SCENEGRAPH_SHARED\PROJECTS\X64\RELEASE\GPUCACHE_SAVERIMPL.OBJ
D:\WORK\MOPLUGS\SCENEGRAPH_SHARED\PROJECTS\X64\RELEASE\GPUCACHE_VISITORIMPL.OBJ
D:\WORK\MOPLUGS\SCENEGRAPH_SHARED\PROJECTS\X64\RELEASE\KDTREE_COMMON.OBJ
D:\Work\MOPLUGS\SceneGraph_Shared\projects\x64\Release\lib.command.1.tlog
D:\Work\MOPLUGS\SceneGraph_Shared\projects\x64\Release\Lib-link.read.1.tlog
D:\Work\MOPLUGS\SceneGraph_Shared\projects\x64\Release\Lib-link.write.1.tlog
D:\WORK\MOPLUGS\SCENEGRAPH_SHARED\PROJECTS\X64\RELEASE\MATH3D.OBJ
D:\WORK\MOPLUGS\SCENEGRAPH_SHARED\PROJECTS\X64\RELEASE\NV_DDS.OBJ
D:\WORK\MOPLUGS\SCENEGRAPH_SHARED\PROJECTS\X64\RELEASE\NV_MATH.OBJ
D:\WORK\MOPLUGS\SCENEGRAPH_SHARED\PROJECTS\X64\RELEASE\NVIMAGE.OBJ
D:\WORK\MOPLUGS\SCENEGRAPH_SHARED\PROJECTS\X64\RELEASE\NVIMAGEDDS.OBJ
D:\WORK\MOPLUGS\SCENEGRAPH_SHARED\PROJECTS\X64\RELEASE\OGL_UTILS.OBJ
D:\Work\MOPLUGS\SceneGraph_Shared\projects\x64\Release\sg_base.write.1.tlog
D:\Work\MOPLUGS\SceneGraph_Shared\projects\x64\Release\sg_shared.write.1.tlog
D:\WORK\MOPLUGS\SCENEGRAPH_SHARED\PROJECTS\X64\RELEASE\SHADER.OBJ
D:\WORK\MOPLUGS\SCENEGRAPH_SHARED\PROJECTS\X64\RELEASE\SHARED_CAMERA.OBJ
D:\WORK\MOPLUGS\SCENEGRAPH_SHARED\PROJECTS\X64\RELEASE\SHARED_GLSL.OBJ
D:\WORK\MOPLUGS\SCENEGRAPH_SHARED\PROJECTS\X64\RELEASE\SHARED_LIGHTS.OBJ
D:\WORK\MOPLUGS\SCENEGRAPH_SHARED\PROJECTS\X64\RELEASE\SHARED_MATERIALS.OBJ
D:\WORK\MOPLUGS\SCENEGRAPH_SHARED\PROJECTS\X64\RELEASE\SHARED_MISC.OBJ
D:\WORK\MOPLUGS\SCENEGRAPH_SHARED\PROJECTS\X64\RELEASE\SHARED_MODELS.OBJ
D:\WORK\MOPLUGS\SCENEGRAPH_SHARED\PROJECTS\X64\RELEASE\SHARED_PROJECTORS.OBJ
D:\WORK\MOPLUGS\SCENEGRAPH_SHARED\PROJECTS\X64\RELEASE\SHARED_SHADERS.OBJ
D:\WORK\MOPLUGS\SCENEGRAPH_SHARED\PROJECTS\X64\RELEASE\SHARED_TEXTURES.OBJ
D:\WORK\MOPLUGS\SCENEGRAPH_SHARED\PROJECTS\X64\RELEASE\TEXTUTILS.OBJ
D:\WORK\MOPLUGS\SCENEGRAPH_SHARED\PROJECTS\X64\RELEASE\TGA.OBJ
D:\WORK\MOPLUGS\SCENEGRAPH_SHARED\PROJECTS\X64\RELEASE\TINYSTR.OBJ
D:\WORK\MOPLUGS\SCENEGRAPH_SHARED\PROJECTS\X64\RELEASE\TINYXML.OBJ
D:\WORK\MOPLUGS\SCENEGRAPH_SHARED\PROJECTS\X64\RELEASE\TINYXMLERROR.OBJ
D:\WORK\MOPLUGS\SCENEGRAPH_SHARED\PROJECTS\X64\RELEASE\TINYXMLPARSER.OBJ
D:\WORK\MOPLUGS\SCENEGRAPH_SHARED\PROJECTS\X64\RELEASE\UNIFORMBUFFER.OBJ
D:\WORK\MOPLUGS\SCENEGRAPH_SHARED\PROJECTS\X64\RELEASE\UTILS_SHADERS.OBJ
D:\WORK\MOPLUGS\SCENEGRAPH_SHARED\PROJECTS\X64\RELEASE\VC100.PDB
D:\WORK\MOPLUGS\SCENEGRAPH_SHARED\PROJECTS\X64\RELEASE\WGLFONT.OBJ
