D:\WORK\MOPLUGS\SCENEGRAPH_SHARED\LIB\SG_BASE_X64_DEBUG.LIB
D:\WORK\MOPLUGS\SCENEGRAPH_SHARED\LIB\SG_SHARED_X64_DEBUG.LIB
D:\Work\MOPLUGS\SceneGraph_Shared\projects\..\lib\sg_base_x64_Debug.lib
D:\WORK\MOPLUGS\SCENEGRAPH_SHARED\PROJECTS\X64\DEBUG\ASSERT.OBJ
D:\WORK\MOPLUGS\SCENEGRAPH_SHARED\PROJECTS\X64\DEBUG\CHECKGLERROR.OBJ
D:\WORK\MOPLUGS\SCENEGRAPH_SHARED\PROJECTS\X64\DEBUG\CHECKS.OBJ
D:\Work\MOPLUGS\SceneGraph_Shared\projects\x64\Debug\cl.command.1.tlog
D:\Work\MOPLUGS\SceneGraph_Shared\projects\x64\Debug\CL.read.1.tlog
D:\Work\MOPLUGS\SceneGraph_Shared\projects\x64\Debug\CL.write.1.tlog
D:\WORK\MOPLUGS\SCENEGRAPH_SHARED\PROJECTS\X64\DEBUG\FPTEXTURE.OBJ
D:\WORK\MOPLUGS\SCENEGRAPH_SHARED\PROJECTS\X64\DEBUG\FRAMEBUFFER.OBJ
D:\WORK\MOPLUGS\SCENEGRAPH_SHARED\PROJECTS\X64\DEBUG\GLEWCONTEXT.OBJ
D:\WORK\MOPLUGS\SCENEGRAPH_SHARED\PROJECTS\X64\DEBUG\GLSLSHADER.OBJ
D:\WORK\MOPLUGS\SCENEGRAPH_SHARED\PROJECTS\X64\DEBUG\GPUCACHE_LOADER.OBJ
D:\WORK\MOPLUGS\SCENEGRAPH_SHARED\PROJECTS\X64\DEBUG\GPUCACHE_MODEL.OBJ
D:\WORK\MOPLUGS\SCENEGRAPH_SHARED\PROJECTS\X64\DEBUG\GPUCACHE_SAVER.OBJ
D:\WORK\MOPLUGS\SCENEGRAPH_SHARED\PROJECTS\X64\DEBUG\GPUCACHE_SAVERIMPL.OBJ
D:\WORK\MOPLUGS\SCENEGRAPH_SHARED\PROJECTS\X64\DEBUG\GPUCACHE_VISITORIMPL.OBJ
D:\WORK\MOPLUGS\SCENEGRAPH_SHARED\PROJECTS\X64\DEBUG\KDTREE_COMMON.OBJ
D:\Work\MOPLUGS\SceneGraph_Shared\projects\x64\Debug\lib.command.1.tlog
D:\Work\MOPLUGS\SceneGraph_Shared\projects\x64\Debug\Lib-link.read.1.tlog
D:\Work\MOPLUGS\SceneGraph_Shared\projects\x64\Debug\Lib-link.write.1.tlog
D:\WORK\MOPLUGS\SCENEGRAPH_SHARED\PROJECTS\X64\DEBUG\MATH3D.OBJ
D:\WORK\MOPLUGS\SCENEGRAPH_SHARED\PROJECTS\X64\DEBUG\NV_DDS.OBJ
D:\WORK\MOPLUGS\SCENEGRAPH_SHARED\PROJECTS\X64\DEBUG\NV_MATH.OBJ
D:\WORK\MOPLUGS\SCENEGRAPH_SHARED\PROJECTS\X64\DEBUG\NVIMAGE.OBJ
D:\WORK\MOPLUGS\SCENEGRAPH_SHARED\PROJECTS\X64\DEBUG\NVIMAGEDDS.OBJ
D:\WORK\MOPLUGS\SCENEGRAPH_SHARED\PROJECTS\X64\DEBUG\OGL_UTILS.OBJ
D:\Work\MOPLUGS\SceneGraph_Shared\projects\x64\Debug\sg_base.write.1.tlog
D:\Work\MOPLUGS\SceneGraph_Shared\projects\x64\Debug\sg_shared.write.1.tlog
D:\WORK\MOPLUGS\SCENEGRAPH_SHARED\PROJECTS\X64\DEBUG\SHADER.OBJ
D:\WORK\MOPLUGS\SCENEGRAPH_SHARED\PROJECTS\X64\DEBUG\SHARED_CAMERA.OBJ
D:\WORK\MOPLUGS\SCENEGRAPH_SHARED\PROJECTS\X64\DEBUG\SHARED_GLSL.OBJ
D:\WORK\MOPLUGS\SCENEGRAPH_SHARED\PROJECTS\X64\DEBUG\SHARED_LIGHTS.OBJ
D:\WORK\MOPLUGS\SCENEGRAPH_SHARED\PROJECTS\X64\DEBUG\SHARED_MATERIALS.OBJ
D:\WORK\MOPLUGS\SCENEGRAPH_SHARED\PROJECTS\X64\DEBUG\SHARED_MISC.OBJ
D:\WORK\MOPLUGS\SCENEGRAPH_SHARED\PROJECTS\X64\DEBUG\SHARED_MODELS.OBJ
D:\WORK\MOPLUGS\SCENEGRAPH_SHARED\PROJECTS\X64\DEBUG\SHARED_PROJECTORS.OBJ
D:\WORK\MOPLUGS\SCENEGRAPH_SHARED\PROJECTS\X64\DEBUG\SHARED_SHADERS.OBJ
D:\WORK\MOPLUGS\SCENEGRAPH_SHARED\PROJECTS\X64\DEBUG\SHARED_TEXTURES.OBJ
D:\WORK\MOPLUGS\SCENEGRAPH_SHARED\PROJECTS\X64\DEBUG\TEXTUTILS.OBJ
D:\WORK\MOPLUGS\SCENEGRAPH_SHARED\PROJECTS\X64\DEBUG\TGA.OBJ
D:\WORK\MOPLUGS\SCENEGRAPH_SHARED\PROJECTS\X64\DEBUG\TINYSTR.OBJ
D:\WORK\MOPLUGS\SCENEGRAPH_SHARED\PROJECTS\X64\DEBUG\TINYXML.OBJ
D:\WORK\MOPLUGS\SCENEGRAPH_SHARED\PROJECTS\X64\DEBUG\TINYXMLERROR.OBJ
D:\WORK\MOPLUGS\SCENEGRAPH_SHARED\PROJECTS\X64\DEBUG\TINYXMLPARSER.OBJ
D:\WORK\MOPLUGS\SCENEGRAPH_SHARED\PROJECTS\X64\DEBUG\UNIFORMBUFFER.OBJ
D:\WORK\MOPLUGS\SCENEGRAPH_SHARED\PROJECTS\X64\DEBUG\UTILS_SHADERS.OBJ
D:\Work\MOPLUGS\SceneGraph_Shared\projects\x64\Debug\vc100.idb
D:\WORK\MOPLUGS\SCENEGRAPH_SHARED\PROJECTS\X64\DEBUG\VC100.PDB
D:\WORK\MOPLUGS\SCENEGRAPH_SHARED\PROJECTS\X64\DEBUG\WGLFONT.OBJ
