D:\WORK\MOPLUGS\SCENEGRAPH_SHARED\LIB\SG_SHARED_WIN32_DEBUG.LIB
D:\Work\MOPLUGS\SceneGraph_Shared\projects\..\lib\sg_shared_Win32_Debug.lib
D:\WORK\MOPLUGS\SCENEGRAPH_SHARED\PROJECTS\DEBUG\ASSERT.OBJ
D:\WORK\MOPLUGS\SCENEGRAPH_SHARED\PROJECTS\DEBUG\CHECKGLERROR.OBJ
D:\WORK\MOPLUGS\SCENEGRAPH_SHARED\PROJECTS\DEBUG\CHECKS.OBJ
D:\Work\MOPLUGS\SceneGraph_Shared\projects\Debug\cl.command.1.tlog
D:\Work\MOPLUGS\SceneGraph_Shared\projects\Debug\CL.read.1.tlog
D:\Work\MOPLUGS\SceneGraph_Shared\projects\Debug\CL.write.1.tlog
D:\WORK\MOPLUGS\SCENEGRAPH_SHARED\PROJECTS\DEBUG\FPTEXTURE.OBJ
D:\WORK\MOPLUGS\SCENEGRAPH_SHARED\PROJECTS\DEBUG\FRAMEBUFFER.OBJ
D:\WORK\MOPLUGS\SCENEGRAPH_SHARED\PROJECTS\DEBUG\GLEWCONTEXT.OBJ
D:\WORK\MOPLUGS\SCENEGRAPH_SHARED\PROJECTS\DEBUG\GLSLSHADER.OBJ
D:\WORK\MOPLUGS\SCENEGRAPH_SHARED\PROJECTS\DEBUG\GPUCACHE_LOADER.OBJ
D:\WORK\MOPLUGS\SCENEGRAPH_SHARED\PROJECTS\DEBUG\GPUCACHE_MODEL.OBJ
D:\WORK\MOPLUGS\SCENEGRAPH_SHARED\PROJECTS\DEBUG\GPUCACHE_SAVER.OBJ
D:\WORK\MOPLUGS\SCENEGRAPH_SHARED\PROJECTS\DEBUG\GPUCACHE_SAVERIMPL.OBJ
D:\WORK\MOPLUGS\SCENEGRAPH_SHARED\PROJECTS\DEBUG\GPUCACHE_VISITOR.OBJ
D:\WORK\MOPLUGS\SCENEGRAPH_SHARED\PROJECTS\DEBUG\KDTREE_COMMON.OBJ
D:\Work\MOPLUGS\SceneGraph_Shared\projects\Debug\lib.command.1.tlog
D:\Work\MOPLUGS\SceneGraph_Shared\projects\Debug\Lib-link.read.1.tlog
D:\Work\MOPLUGS\SceneGraph_Shared\projects\Debug\Lib-link.write.1.tlog
D:\WORK\MOPLUGS\SCENEGRAPH_SHARED\PROJECTS\DEBUG\MATH3D.OBJ
D:\WORK\MOPLUGS\SCENEGRAPH_SHARED\PROJECTS\DEBUG\NV_MATH.OBJ
D:\WORK\MOPLUGS\SCENEGRAPH_SHARED\PROJECTS\DEBUG\OGL_UTILS.OBJ
D:\Work\MOPLUGS\SceneGraph_Shared\projects\Debug\sg_base.vcxprojResolveAssemblyReference.cache
D:\Work\MOPLUGS\SceneGraph_Shared\projects\Debug\sg_shared.vcxprojResolveAssemblyReference.cache
D:\Work\MOPLUGS\SceneGraph_Shared\projects\Debug\sg_shared.write.1.tlog
D:\WORK\MOPLUGS\SCENEGRAPH_SHARED\PROJECTS\DEBUG\SHADER.OBJ
D:\WORK\MOPLUGS\SCENEGRAPH_SHARED\PROJECTS\DEBUG\SHARED_CAMERA.OBJ
D:\WORK\MOPLUGS\SCENEGRAPH_SHARED\PROJECTS\DEBUG\SHARED_GLSL.OBJ
D:\WORK\MOPLUGS\SCENEGRAPH_SHARED\PROJECTS\DEBUG\SHARED_LIGHTS.OBJ
D:\WORK\MOPLUGS\SCENEGRAPH_SHARED\PROJECTS\DEBUG\SHARED_MATERIALS.OBJ
D:\WORK\MOPLUGS\SCENEGRAPH_SHARED\PROJECTS\DEBUG\SHARED_MISC.OBJ
D:\WORK\MOPLUGS\SCENEGRAPH_SHARED\PROJECTS\DEBUG\SHARED_MODELS.OBJ
D:\WORK\MOPLUGS\SCENEGRAPH_SHARED\PROJECTS\DEBUG\SHARED_PROJECTORS.OBJ
D:\WORK\MOPLUGS\SCENEGRAPH_SHARED\PROJECTS\DEBUG\SHARED_SHADERS.OBJ
D:\WORK\MOPLUGS\SCENEGRAPH_SHARED\PROJECTS\DEBUG\SHARED_TEXTURES.OBJ
D:\WORK\MOPLUGS\SCENEGRAPH_SHARED\PROJECTS\DEBUG\TGA.OBJ
D:\WORK\MOPLUGS\SCENEGRAPH_SHARED\PROJECTS\DEBUG\TINYSTR.OBJ
D:\WORK\MOPLUGS\SCENEGRAPH_SHARED\PROJECTS\DEBUG\TINYXML.OBJ
D:\WORK\MOPLUGS\SCENEGRAPH_SHARED\PROJECTS\DEBUG\TINYXMLERROR.OBJ
D:\WORK\MOPLUGS\SCENEGRAPH_SHARED\PROJECTS\DEBUG\TINYXMLPARSER.OBJ
D:\WORK\MOPLUGS\SCENEGRAPH_SHARED\PROJECTS\DEBUG\UNIFORMBUFFER.OBJ
D:\WORK\MOPLUGS\SCENEGRAPH_SHARED\PROJECTS\DEBUG\UTILS_SHADERS.OBJ
D:\Work\MOPLUGS\SceneGraph_Shared\projects\Debug\vc100.idb
D:\WORK\MOPLUGS\SCENEGRAPH_SHARED\PROJECTS\DEBUG\VC100.PDB
D:\WORK\MOPLUGS\SCENEGRAPH_SHARED\PROJECTS\DEBUG\WGLFONT.OBJ
