D:\WORK\MOPLUGS\SCENEGRAPH_SHARED\LIB\SG_BASE_WIN32_RELEASE.LIB
D:\WORK\MOPLUGS\SCENEGRAPH_SHARED\LIB\SG_SHARED_WIN32_RELEASE.LIB
D:\Work\MOPLUGS\SceneGraph_Shared\projects\..\lib\sg_base_Win32_Release.lib
D:\WORK\MOPLUGS\SCENEGRAPH_SHARED\PROJECTS\RELEASE\ASSERT.OBJ
D:\WORK\MOPLUGS\SCENEGRAPH_SHARED\PROJECTS\RELEASE\CHECKGLERROR.OBJ
D:\WORK\MOPLUGS\SCENEGRAPH_SHARED\PROJECTS\RELEASE\CHECKS.OBJ
D:\Work\MOPLUGS\SceneGraph_Shared\projects\Release\cl.command.1.tlog
D:\Work\MOPLUGS\SceneGraph_Shared\projects\Release\CL.read.1.tlog
D:\Work\MOPLUGS\SceneGraph_Shared\projects\Release\CL.write.1.tlog
D:\WORK\MOPLUGS\SCENEGRAPH_SHARED\PROJECTS\RELEASE\FPTEXTURE.OBJ
D:\WORK\MOPLUGS\SCENEGRAPH_SHARED\PROJECTS\RELEASE\FRAMEBUFFER.OBJ
D:\WORK\MOPLUGS\SCENEGRAPH_SHARED\PROJECTS\RELEASE\GLEWCONTEXT.OBJ
D:\WORK\MOPLUGS\SCENEGRAPH_SHARED\PROJECTS\RELEASE\GLSLSHADER.OBJ
D:\WORK\MOPLUGS\SCENEGRAPH_SHARED\PROJECTS\RELEASE\GPUCACHE_LOADER.OBJ
D:\WORK\MOPLUGS\SCENEGRAPH_SHARED\PROJECTS\RELEASE\GPUCACHE_MODEL.OBJ
D:\WORK\MOPLUGS\SCENEGRAPH_SHARED\PROJECTS\RELEASE\GPUCACHE_SAVER.OBJ
D:\WORK\MOPLUGS\SCENEGRAPH_SHARED\PROJECTS\RELEASE\GPUCACHE_SAVERIMPL.OBJ
D:\WORK\MOPLUGS\SCENEGRAPH_SHARED\PROJECTS\RELEASE\GPUCACHE_VISITOR.OBJ
D:\WORK\MOPLUGS\SCENEGRAPH_SHARED\PROJECTS\RELEASE\KDTREE_COMMON.OBJ
D:\Work\MOPLUGS\SceneGraph_Shared\projects\Release\lib.command.1.tlog
D:\Work\MOPLUGS\SceneGraph_Shared\projects\Release\Lib-link.read.1.tlog
D:\Work\MOPLUGS\SceneGraph_Shared\projects\Release\Lib-link.write.1.tlog
D:\WORK\MOPLUGS\SCENEGRAPH_SHARED\PROJECTS\RELEASE\MATH3D.OBJ
D:\WORK\MOPLUGS\SCENEGRAPH_SHARED\PROJECTS\RELEASE\NV_MATH.OBJ
D:\WORK\MOPLUGS\SCENEGRAPH_SHARED\PROJECTS\RELEASE\OGL_UTILS.OBJ
D:\Work\MOPLUGS\SceneGraph_Shared\projects\Release\sg_base.write.1.tlog
D:\Work\MOPLUGS\SceneGraph_Shared\projects\Release\sg_shared.write.1.tlog
D:\WORK\MOPLUGS\SCENEGRAPH_SHARED\PROJECTS\RELEASE\SHADER.OBJ
D:\WORK\MOPLUGS\SCENEGRAPH_SHARED\PROJECTS\RELEASE\SHARED_CAMERA.OBJ
D:\WORK\MOPLUGS\SCENEGRAPH_SHARED\PROJECTS\RELEASE\SHARED_GLSL.OBJ
D:\WORK\MOPLUGS\SCENEGRAPH_SHARED\PROJECTS\RELEASE\SHARED_LIGHTS.OBJ
D:\WORK\MOPLUGS\SCENEGRAPH_SHARED\PROJECTS\RELEASE\SHARED_MATERIALS.OBJ
D:\WORK\MOPLUGS\SCENEGRAPH_SHARED\PROJECTS\RELEASE\SHARED_MISC.OBJ
D:\WORK\MOPLUGS\SCENEGRAPH_SHARED\PROJECTS\RELEASE\SHARED_MODELS.OBJ
D:\WORK\MOPLUGS\SCENEGRAPH_SHARED\PROJECTS\RELEASE\SHARED_PROJECTORS.OBJ
D:\WORK\MOPLUGS\SCENEGRAPH_SHARED\PROJECTS\RELEASE\SHARED_SHADERS.OBJ
D:\WORK\MOPLUGS\SCENEGRAPH_SHARED\PROJECTS\RELEASE\SHARED_TEXTURES.OBJ
D:\WORK\MOPLUGS\SCENEGRAPH_SHARED\PROJECTS\RELEASE\TEXTUTILS.OBJ
D:\WORK\MOPLUGS\SCENEGRAPH_SHARED\PROJECTS\RELEASE\TGA.OBJ
D:\WORK\MOPLUGS\SCENEGRAPH_SHARED\PROJECTS\RELEASE\TINYSTR.OBJ
D:\WORK\MOPLUGS\SCENEGRAPH_SHARED\PROJECTS\RELEASE\TINYXML.OBJ
D:\WORK\MOPLUGS\SCENEGRAPH_SHARED\PROJECTS\RELEASE\TINYXMLERROR.OBJ
D:\WORK\MOPLUGS\SCENEGRAPH_SHARED\PROJECTS\RELEASE\TINYXMLPARSER.OBJ
D:\WORK\MOPLUGS\SCENEGRAPH_SHARED\PROJECTS\RELEASE\UNIFORMBUFFER.OBJ
D:\WORK\MOPLUGS\SCENEGRAPH_SHARED\PROJECTS\RELEASE\UTILS_SHADERS.OBJ
D:\WORK\MOPLUGS\SCENEGRAPH_SHARED\PROJECTS\RELEASE\VC100.PDB
D:\WORK\MOPLUGS\SCENEGRAPH_SHARED\PROJECTS\RELEASE\WGLFONT.OBJ
