D:\WORK\MOPLUGS\SCENEGRAPH_SHARED\LIB\SG_BASE_WIN32_RELEASE.LIB
D:\WORK\MOPLUGS\SCENEGRAPH_SHARED\PROJECTS\RELEASE\ASSERT.OBJ
D:\WORK\MOPLUGS\SCENEGRAPH_SHARED\PROJECTS\RELEASE\CHECKGLERROR.OBJ
D:\WORK\MOPLUGS\SCENEGRAPH_SHARED\PROJECTS\RELEASE\CHECKS.OBJ
D:\Work\MOPLUGS\SceneGraph_Shared\projects\Release\cl.command.1.tlog
D:\Work\MOPLUGS\SceneGraph_Shared\projects\Release\CL.read.1.tlog
D:\Work\MOPLUGS\SceneGraph_Shared\projects\Release\CL.write.1.tlog
D:\WORK\MOPLUGS\SCENEGRAPH_SHARED\PROJECTS\RELEASE\FPTEXTURE.OBJ
D:\WORK\MOPLUGS\SCENEGRAPH_SHARED\PROJECTS\RELEASE\FRAMEBUFFER.OBJ
D:\WORK\MOPLUGS\SCENEGRAPH_SHARED\PROJECTS\RELEASE\GLEWCONTEXT.OBJ
D:\WORK\MOPLUGS\SCENEGRAPH_SHARED\PROJECTS\RELEASE\GLSLSHADER.OBJ
D:\WORK\MOPLUGS\SCENEGRAPH_SHARED\PROJECTS\RELEASE\KDTREE_COMMON.OBJ
D:\Work\MOPLUGS\SceneGraph_Shared\projects\Release\lib.command.1.tlog
D:\Work\MOPLUGS\SceneGraph_Shared\projects\Release\Lib-link.read.1.tlog
D:\Work\MOPLUGS\SceneGraph_Shared\projects\Release\Lib-link.write.1.tlog
D:\WORK\MOPLUGS\SCENEGRAPH_SHARED\PROJECTS\RELEASE\MATH3D.OBJ
D:\WORK\MOPLUGS\SCENEGRAPH_SHARED\PROJECTS\RELEASE\NV_MATH.OBJ
D:\WORK\MOPLUGS\SCENEGRAPH_SHARED\PROJECTS\RELEASE\OGL_UTILS.OBJ
D:\Work\MOPLUGS\SceneGraph_Shared\projects\Release\sg_base.write.1.tlog
D:\WORK\MOPLUGS\SCENEGRAPH_SHARED\PROJECTS\RELEASE\TEXTUTILS.OBJ
D:\WORK\MOPLUGS\SCENEGRAPH_SHARED\PROJECTS\RELEASE\TGA.OBJ
D:\WORK\MOPLUGS\SCENEGRAPH_SHARED\PROJECTS\RELEASE\TINYSTR.OBJ
D:\WORK\MOPLUGS\SCENEGRAPH_SHARED\PROJECTS\RELEASE\TINYXML.OBJ
D:\WORK\MOPLUGS\SCENEGRAPH_SHARED\PROJECTS\RELEASE\TINYXMLERROR.OBJ
D:\WORK\MOPLUGS\SCENEGRAPH_SHARED\PROJECTS\RELEASE\TINYXMLPARSER.OBJ
D:\WORK\MOPLUGS\SCENEGRAPH_SHARED\PROJECTS\RELEASE\UNIFORMBUFFER.OBJ
D:\WORK\MOPLUGS\SCENEGRAPH_SHARED\PROJECTS\RELEASE\VC100.PDB
D:\WORK\MOPLUGS\SCENEGRAPH_SHARED\PROJECTS\RELEASE\WGLFONT.OBJ
